<?xml version="1.0" encoding="UTF-8"?>
<!-- Generated by org.testng.reporters.JUnitXMLReporter -->
<testsuite ignored="0" hostname="LAPTOP-C6C96BJN" failures="0" tests="2" name="Run on Chrome" time="10.084" errors="0" timestamp="31 Aug 2023 07:39:53 GMT">
  <testcase classname="learn.nopcommerce.user.Level_21_Manage_Data_External" name="TC_01_Register_With_Valid_Infor" time="2.77"/>
  <testcase classname="learn.nopcommerce.user.Level_21_Manage_Data_External" name="TC_02_Login_With_Valid_Infor" time="2.3"/>
</testsuite> <!-- Run on Chrome -->
