<?xml version="1.0" encoding="UTF-8"?>
<testng-results ignored="0" total="2" passed="2" failed="0" skipped="0">
  <reporter-output>
    <line>
      <![CDATA[[INFO ] [2023-08-31 14:39:52,773] OS name = Windows 11
<br>]]>
    </line>
    <line>
      <![CDATA[[INFO ] [2023-08-31 14:39:52,774] Driver instance name = chromedriver: chrome on windows (10f176ecf62bc443dded7491cdf3a6e0)
<br>]]>
    </line>
  </reporter-output>
  <suite started-at="2023-08-31T07:39:42Z" name="NopCommerce" finished-at="2023-08-31T07:39:53Z" duration-ms="10084">
    <groups>
    </groups>
    <test started-at="2023-08-31T07:39:42Z" name="Run on Chrome" finished-at="2023-08-31T07:39:53Z" duration-ms="10084">
      <class name="learn.nopcommerce.user.Level_21_Manage_Data_External">
        <test-method is-config="true" signature="beforeClass(java.lang.String)[pri:0, instance:learn.nopcommerce.user.Level_21_Manage_Data_External@27a97e08]" started-at="2023-08-31T07:39:42Z" name="beforeClass" finished-at="2023-08-31T07:39:47Z" duration-ms="4632" status="PASS">
          <params>
            <param index="0">
              <value>
                <![CDATA[chrome]]>
              </value>
            </param>
          </params>
          <reporter-output>
          </reporter-output>
        </test-method> <!-- beforeClass -->
        <test-method signature="TC_01_Register_With_Valid_Infor(java.lang.reflect.Method)[pri:0, instance:learn.nopcommerce.user.Level_21_Manage_Data_External@27a97e08]" started-at="2023-08-31T07:39:47Z" name="TC_01_Register_With_Valid_Infor" finished-at="2023-08-31T07:39:50Z" duration-ms="2770" status="PASS">
          <params>
            <param index="0">
              <value>
                <![CDATA[public void learn.nopcommerce.user.Level_21_Manage_Data_External.TC_01_Register_With_Valid_Infor(java.lang.reflect.Method)]]>
              </value>
            </param>
          </params>
          <reporter-output>
          </reporter-output>
        </test-method> <!-- TC_01_Register_With_Valid_Infor -->
        <test-method signature="TC_02_Login_With_Valid_Infor(java.lang.reflect.Method)[pri:0, instance:learn.nopcommerce.user.Level_21_Manage_Data_External@27a97e08]" started-at="2023-08-31T07:39:50Z" name="TC_02_Login_With_Valid_Infor" finished-at="2023-08-31T07:39:52Z" duration-ms="2300" status="PASS">
          <params>
            <param index="0">
              <value>
                <![CDATA[public void learn.nopcommerce.user.Level_21_Manage_Data_External.TC_02_Login_With_Valid_Infor(java.lang.reflect.Method)]]>
              </value>
            </param>
          </params>
          <reporter-output>
          </reporter-output>
        </test-method> <!-- TC_02_Login_With_Valid_Infor -->
        <test-method is-config="true" signature="afterClass()[pri:0, instance:learn.nopcommerce.user.Level_21_Manage_Data_External@27a97e08]" started-at="2023-08-31T07:39:52Z" name="afterClass" finished-at="2023-08-31T07:39:53Z" duration-ms="272" status="PASS">
          <reporter-output>
            <line>
              <![CDATA[[INFO ] [2023-08-31 14:39:52,773] OS name = Windows 11
<br>]]>
            </line>
            <line>
              <![CDATA[[INFO ] [2023-08-31 14:39:52,774] Driver instance name = chromedriver: chrome on windows (10f176ecf62bc443dded7491cdf3a6e0)
<br>]]>
            </line>
          </reporter-output>
        </test-method> <!-- afterClass -->
      </class> <!-- learn.nopcommerce.user.Level_21_Manage_Data_External -->
    </test> <!-- Run on Chrome -->
  </suite> <!-- NopCommerce -->
</testng-results>
